# JRE version: OpenJDK Runtime Environment Temurin-21.0.8+9 (21.0.8+9) (build 21.0.8+9-LTS)
# Java VM: OpenJDK 64-Bit Server VM Temurin-21.0.8+9 (21.0.8+9-LTS, mixed mode, sharing, tiered, compressed oops, compressed class ptrs, parallel gc, windows-amd64)
GC Precious Log:
 CardTable entry size: 512
 CPUs: 8 total, 8 available
 Memory: 7926M
 Large Page Support: Disabled
 NUMA Support: Disabled
 Compressed Oops: Enabled (32-bit)
 Alignments: Space 512K, Generation 512K, Heap 2M
 Heap Min Capacity: 100M
 Heap Initial Capacity: 100M
 Heap Max Capacity: 2G
 Pre-touch: Disabled
 Parallel Workers: 8
Heap:
 PSYoungGen      total 1536K, used 1139K [0x00000000d5580000, 0x00000000d5d00000, 0x0000000100000000)
  eden space 512K, 100% used [0x00000000d5580000,0x00000000d5600000,0x00000000d5600000)
  from space 1024K, 61% used [0x00000000d5b80000,0x00000000d5c1cdd8,0x00000000d5c80000)
  to   space 512K, 96% used [0x00000000d5c80000,0x00000000d5cfbf18,0x00000000d5d00000)
 ParOldGen       total 797696K, used 797646K [0x0000000080000000, 0x00000000b0b00000, 0x00000000d5580000)
  object space 797696K, 99% used [0x0000000080000000,0x00000000b0af3a70,0x00000000b0b00000)
 Metaspace       used 70249K, committed 71744K, reserved 1114112K
  class space    used 7277K, committed 7936K, reserved 1048576K
GC Heap History (20 events):
Event: 33.918 GC heap before
{Heap before GC invocations=941 (full 3):
 PSYoungGen      total 2048K, used 1096K [0x00000000d5580000, 0x00000000d5e80000, 0x0000000100000000)
  eden space 512K, 100% used [0x00000000d5580000,0x00000000d5600000,0x00000000d5600000)
  from space 1536K, 38% used [0x00000000d5c00000,0x00000000d5c92000,0x00000000d5d80000)
  to   space 1024K, 0% used [0x00000000d5d80000,0x00000000d5d80000,0x00000000d5e80000)
 ParOldGen       total 791552K, used 791121K [0x0000000080000000, 0x00000000b0500000, 0x00000000d5580000)
  object space 791552K, 99% used [0x0000000080000000,0x00000000b0494618,0x00000000b0500000)
 Metaspace       used 70249K, committed 71744K, reserved 1114112K
  class space    used 7277K, committed 7936K, reserved 1048576K
}
Event: 33.923 GC heap after
{Heap after GC invocations=941 (full 3):
 PSYoungGen      total 1536K, used 584K [0x00000000d5580000, 0x00000000d5e80000, 0x0000000100000000)
  eden space 512K, 0% used [0x00000000d5580000,0x00000000d5580000,0x00000000d5600000)
  from space 1024K, 57% used [0x00000000d5d80000,0x00000000d5e12000,0x00000000d5e80000)
  to   space 1024K, 0% used [0x00000000d5c80000,0x00000000d5c80000,0x00000000d5d80000)
 ParOldGen       total 792064K, used 791585K [0x0000000080000000, 0x00000000b0580000, 0x00000000d5580000)
  object space 792064K, 99% used [0x0000000080000000,0x00000000b0508608,0x00000000b0580000)
 Metaspace       used 70249K, committed 71744K, reserved 1114112K
  class space    used 7277K, committed 7936K, reserved 1048576K
}
Event: 33.939 GC heap before
{Heap before GC invocations=942 (full 3):
 PSYoungGen      total 1536K, used 1096K [0x00000000d5580000, 0x00000000d5e80000, 0x0000000100000000)
  eden space 512K, 100% used [0x00000000d5580000,0x00000000d5600000,0x00000000d5600000)
  from space 1024K, 57% used [0x00000000d5d80000,0x00000000d5e12000,0x00000000d5e80000)
  to   space 1024K, 0% used [0x00000000d5c80000,0x00000000d5c80000,0x00000000d5d80000)
 ParOldGen       total 792064K, used 791585K [0x0000000080000000, 0x00000000b0580000, 0x00000000d5580000)
  object space 792064K, 99% used [0x0000000080000000,0x00000000b0508608,0x00000000b0580000)
 Metaspace       used 70249K, committed 71744K, reserved 1114112K
  class space    used 7277K, committed 7936K, reserved 1048576K
}
Event: 33.943 GC heap after
{Heap after GC invocations=942 (full 3):
 PSYoungGen      total 1536K, used 627K [0x00000000d5580000, 0x00000000d5e00000, 0x0000000100000000)
  eden space 512K, 0% used [0x00000000d5580000,0x00000000d5580000,0x00000000d5600000)
  from space 1024K, 61% used [0x00000000d5c80000,0x00000000d5d1cdd8,0x00000000d5d80000)
  to   space 512K, 0% used [0x00000000d5d80000,0x00000000d5d80000,0x00000000d5e00000)
 ParOldGen       total 792576K, used 792112K [0x0000000080000000, 0x00000000b0600000, 0x00000000d5580000)
  object space 792576K, 99% used [0x0000000080000000,0x00000000b058c0b0,0x00000000b0600000)
 Metaspace       used 70249K, committed 71744K, reserved 1114112K
  class space    used 7277K, committed 7936K, reserved 1048576K
}
Event: 33.965 GC heap before
{Heap before GC invocations=943 (full 3):
 PSYoungGen      total 1536K, used 1139K [0x00000000d5580000, 0x00000000d5e00000, 0x0000000100000000)
  eden space 512K, 100% used [0x00000000d5580000,0x00000000d5600000,0x00000000d5600000)
  from space 1024K, 61% used [0x00000000d5c80000,0x00000000d5d1cdd8,0x00000000d5d80000)
  to   space 512K, 0% used [0x00000000d5d80000,0x00000000d5d80000,0x00000000d5e00000)
 ParOldGen       total 792576K, used 792112K [0x0000000080000000, 0x00000000b0600000, 0x00000000d5580000)
  object space 792576K, 99% used [0x0000000080000000,0x00000000b058c0b0,0x00000000b0600000)
 Metaspace       used 70249K, committed 71744K, reserved 1114112K
  class space    used 7277K, committed 7936K, reserved 1048576K
}
Event: 33.967 GC heap after
{Heap after GC invocations=943 (full 3):
 PSYoungGen      total 1024K, used 512K [0x00000000d5580000, 0x00000000d5e00000, 0x0000000100000000)
  eden space 512K, 0% used [0x00000000d5580000,0x00000000d5580000,0x00000000d5600000)
  from space 512K, 100% used [0x00000000d5d80000,0x00000000d5e00000,0x00000000d5e00000)
  to   space 1536K, 0% used [0x00000000d5b00000,0x00000000d5b00000,0x00000000d5c80000)
 ParOldGen       total 793088K, used 792672K [0x0000000080000000, 0x00000000b0680000, 0x00000000d5580000)
  object space 793088K, 99% used [0x0000000080000000,0x00000000b06183d8,0x00000000b0680000)
 Metaspace       used 70249K, committed 71744K, reserved 1114112K
  class space    used 7277K, committed 7936K, reserved 1048576K
}
Event: 33.982 GC heap before
{Heap before GC invocations=944 (full 3):
 PSYoungGen      total 1024K, used 846K [0x00000000d5580000, 0x00000000d5e00000, 0x0000000100000000)
  eden space 512K, 65% used [0x00000000d5580000,0x00000000d55d3b40,0x00000000d5600000)
  from space 512K, 100% used [0x00000000d5d80000,0x00000000d5e00000,0x00000000d5e00000)
  to   space 1536K, 0% used [0x00000000d5b00000,0x00000000d5b00000,0x00000000d5c80000)
 ParOldGen       total 793088K, used 792672K [0x0000000080000000, 0x00000000b0680000, 0x00000000d5580000)
  object space 793088K, 99% used [0x0000000080000000,0x00000000b06183d8,0x00000000b0680000)
 Metaspace       used 70249K, committed 71744K, reserved 1114112K
  class space    used 7277K, committed 7936K, reserved 1048576K
}
Event: 33.986 GC heap after
{Heap after GC invocations=944 (full 3):
 PSYoungGen      total 2048K, used 491K [0x00000000d5580000, 0x00000000d5e00000, 0x0000000100000000)
  eden space 512K, 0% used [0x00000000d5580000,0x00000000d5580000,0x00000000d5600000)
  from space 1536K, 32% used [0x00000000d5b00000,0x00000000d5b7ae60,0x00000000d5c80000)
  to   space 1024K, 0% used [0x00000000d5d00000,0x00000000d5d00000,0x00000000d5e00000)
 ParOldGen       total 793600K, used 793163K [0x0000000080000000, 0x00000000b0700000, 0x00000000d5580000)
  object space 793600K, 99% used [0x0000000080000000,0x00000000b0692e50,0x00000000b0700000)
 Metaspace       used 70249K, committed 71744K, reserved 1114112K
  class space    used 7277K, committed 7936K, reserved 1048576K
}
Event: 33.996 GC heap before
{Heap before GC invocations=945 (full 3):
 PSYoungGen      total 2048K, used 1003K [0x00000000d5580000, 0x00000000d5e00000, 0x0000000100000000)
  eden space 512K, 100% used [0x00000000d5580000,0x00000000d5600000,0x00000000d5600000)
  from space 1536K, 32% used [0x00000000d5b00000,0x00000000d5b7ae60,0x00000000d5c80000)
  to   space 1024K, 0% used [0x00000000d5d00000,0x00000000d5d00000,0x00000000d5e00000)
 ParOldGen       total 793600K, used 793163K [0x0000000080000000, 0x00000000b0700000, 0x00000000d5580000)
  object space 793600K, 99% used [0x0000000080000000,0x00000000b0692e50,0x00000000b0700000)
 Metaspace       used 70249K, committed 71744K, reserved 1114112K
  class space    used 7277K, committed 7936K, reserved 1048576K
}
Event: 33.998 GC heap after
{Heap after GC invocations=945 (full 3):
 PSYoungGen      total 1536K, used 704K [0x00000000d5580000, 0x00000000d5e00000, 0x0000000100000000)
  eden space 512K, 0% used [0x00000000d5580000,0x00000000d5580000,0x00000000d5600000)
  from space 1024K, 68% used [0x00000000d5d00000,0x00000000d5db0000,0x00000000d5e00000)
  to   space 1024K, 0% used [0x00000000d5c00000,0x00000000d5c00000,0x00000000d5d00000)
 ParOldGen       total 793600K, used 793533K [0x0000000080000000, 0x00000000b0700000, 0x00000000d5580000)
  object space 793600K, 99% used [0x0000000080000000,0x00000000b06ef758,0x00000000b0700000)
 Metaspace       used 70249K, committed 71744K, reserved 1114112K
  class space    used 7277K, committed 7936K, reserved 1048576K
}
Event: 34.017 GC heap before
{Heap before GC invocations=946 (full 3):
 PSYoungGen      total 1536K, used 1216K [0x00000000d5580000, 0x00000000d5e00000, 0x0000000100000000)
  eden space 512K, 100% used [0x00000000d5580000,0x00000000d5600000,0x00000000d5600000)
  from space 1024K, 68% used [0x00000000d5d00000,0x00000000d5db0000,0x00000000d5e00000)
  to   space 1024K, 0% used [0x00000000d5c00000,0x00000000d5c00000,0x00000000d5d00000)
 ParOldGen       total 793600K, used 793533K [0x0000000080000000, 0x00000000b0700000, 0x00000000d5580000)
  object space 793600K, 99% used [0x0000000080000000,0x00000000b06ef758,0x00000000b0700000)
 Metaspace       used 70249K, committed 71744K, reserved 1114112K
  class space    used 7277K, committed 7936K, reserved 1048576K
}
Event: 34.022 GC heap after
{Heap after GC invocations=946 (full 3):
 PSYoungGen      total 1536K, used 608K [0x00000000d5580000, 0x00000000d5d80000, 0x0000000100000000)
  eden space 512K, 0% used [0x00000000d5580000,0x00000000d5580000,0x00000000d5600000)
  from space 1024K, 59% used [0x00000000d5c00000,0x00000000d5c98000,0x00000000d5d00000)
  to   space 512K, 0% used [0x00000000d5d00000,0x00000000d5d00000,0x00000000d5d80000)
 ParOldGen       total 794112K, used 794093K [0x0000000080000000, 0x00000000b0780000, 0x00000000d5580000)
  object space 794112K, 99% used [0x0000000080000000,0x00000000b077b758,0x00000000b0780000)
 Metaspace       used 70249K, committed 71744K, reserved 1114112K
  class space    used 7277K, committed 7936K, reserved 1048576K
}
Event: 34.041 GC heap before
{Heap before GC invocations=947 (full 3):
 PSYoungGen      total 1536K, used 1120K [0x00000000d5580000, 0x00000000d5d80000, 0x0000000100000000)
  eden space 512K, 100% used [0x00000000d5580000,0x00000000d5600000,0x00000000d5600000)
  from space 1024K, 59% used [0x00000000d5c00000,0x00000000d5c98000,0x00000000d5d00000)
  to   space 512K, 0% used [0x00000000d5d00000,0x00000000d5d00000,0x00000000d5d80000)
 ParOldGen       total 794112K, used 794093K [0x0000000080000000, 0x00000000b0780000, 0x00000000d5580000)
  object space 794112K, 99% used [0x0000000080000000,0x00000000b077b758,0x00000000b0780000)
 Metaspace       used 70249K, committed 71744K, reserved 1114112K
  class space    used 7277K, committed 7936K, reserved 1048576K
}
Event: 34.044 GC heap after
{Heap after GC invocations=947 (full 3):
 PSYoungGen      total 1024K, used 512K [0x00000000d5580000, 0x00000000d5d80000, 0x0000000100000000)
  eden space 512K, 0% used [0x00000000d5580000,0x00000000d5580000,0x00000000d5600000)
  from space 512K, 100% used [0x00000000d5d00000,0x00000000d5d80000,0x00000000d5d80000)
  to   space 1536K, 0% used [0x00000000d5a80000,0x00000000d5a80000,0x00000000d5c00000)
 ParOldGen       total 795136K, used 794667K [0x0000000080000000, 0x00000000b0880000, 0x00000000d5580000)
  object space 795136K, 99% used [0x0000000080000000,0x00000000b080aca8,0x00000000b0880000)
 Metaspace       used 70249K, committed 71744K, reserved 1114112K
  class space    used 7277K, committed 7936K, reserved 1048576K
}
Event: 34.062 GC heap before
{Heap before GC invocations=948 (full 3):
 PSYoungGen      total 1024K, used 1023K [0x00000000d5580000, 0x00000000d5d80000, 0x0000000100000000)
  eden space 512K, 99% used [0x00000000d5580000,0x00000000d55ffe88,0x00000000d5600000)
  from space 512K, 100% used [0x00000000d5d00000,0x00000000d5d80000,0x00000000d5d80000)
  to   space 1536K, 0% used [0x00000000d5a80000,0x00000000d5a80000,0x00000000d5c00000)
 ParOldGen       total 795136K, used 794667K [0x0000000080000000, 0x00000000b0880000, 0x00000000d5580000)
  object space 795136K, 99% used [0x0000000080000000,0x00000000b080aca8,0x00000000b0880000)
 Metaspace       used 70249K, committed 71744K, reserved 1114112K
  class space    used 7277K, committed 7936K, reserved 1048576K
}
Event: 34.067 GC heap after
{Heap after GC invocations=948 (full 3):
 PSYoungGen      total 2048K, used 576K [0x00000000d5580000, 0x00000000d5d80000, 0x0000000100000000)
  eden space 512K, 0% used [0x00000000d5580000,0x00000000d5580000,0x00000000d5600000)
  from space 1536K, 37% used [0x00000000d5a80000,0x00000000d5b10000,0x00000000d5c00000)
  to   space 1024K, 0% used [0x00000000d5c80000,0x00000000d5c80000,0x00000000d5d80000)
 ParOldGen       total 795648K, used 795144K [0x0000000080000000, 0x00000000b0900000, 0x00000000d5580000)
  object space 795648K, 99% used [0x0000000080000000,0x00000000b08821f8,0x00000000b0900000)
 Metaspace       used 70249K, committed 71744K, reserved 1114112K
  class space    used 7277K, committed 7936K, reserved 1048576K
}
Event: 34.091 GC heap before
{Heap before GC invocations=949 (full 3):
 PSYoungGen      total 2048K, used 1059K [0x00000000d5580000, 0x00000000d5d80000, 0x0000000100000000)
  eden space 512K, 94% used [0x00000000d5580000,0x00000000d55f8ff0,0x00000000d5600000)
  from space 1536K, 37% used [0x00000000d5a80000,0x00000000d5b10000,0x00000000d5c00000)
  to   space 1024K, 0% used [0x00000000d5c80000,0x00000000d5c80000,0x00000000d5d80000)
 ParOldGen       total 796160K, used 796040K [0x0000000080000000, 0x00000000b0980000, 0x00000000d5580000)
  object space 796160K, 99% used [0x0000000080000000,0x00000000b09621f8,0x00000000b0980000)
 Metaspace       used 70249K, committed 71744K, reserved 1114112K
  class space    used 7277K, committed 7936K, reserved 1048576K
}
Event: 34.095 GC heap after
{Heap after GC invocations=949 (full 3):
 PSYoungGen      total 1536K, used 624K [0x00000000d5580000, 0x00000000d5d80000, 0x0000000100000000)
  eden space 512K, 0% used [0x00000000d5580000,0x00000000d5580000,0x00000000d5600000)
  from space 1024K, 60% used [0x00000000d5c80000,0x00000000d5d1c000,0x00000000d5d80000)
  to   space 1024K, 0% used [0x00000000d5b80000,0x00000000d5b80000,0x00000000d5c80000)
 ParOldGen       total 796672K, used 796568K [0x0000000080000000, 0x00000000b0a00000, 0x00000000d5580000)
  object space 796672K, 99% used [0x0000000080000000,0x00000000b09e61f8,0x00000000b0a00000)
 Metaspace       used 70249K, committed 71744K, reserved 1114112K
  class space    used 7277K, committed 7936K, reserved 1048576K
}
Event: 34.107 GC heap before
{Heap before GC invocations=950 (full 3):
 PSYoungGen      total 1536K, used 1136K [0x00000000d5580000, 0x00000000d5d80000, 0x0000000100000000)
  eden space 512K, 100% used [0x00000000d5580000,0x00000000d5600000,0x00000000d5600000)
  from space 1024K, 60% used [0x00000000d5c80000,0x00000000d5d1c000,0x00000000d5d80000)
  to   space 1024K, 0% used [0x00000000d5b80000,0x00000000d5b80000,0x00000000d5c80000)
 ParOldGen       total 796672K, used 796568K [0x0000000080000000, 0x00000000b0a00000, 0x00000000d5580000)
  object space 796672K, 99% used [0x0000000080000000,0x00000000b09e61f8,0x00000000b0a00000)
 Metaspace       used 70249K, committed 71744K, reserved 1114112K
  class space    used 7277K, committed 7936K, reserved 1048576K
}
Event: 34.111 GC heap after
{Heap after GC invocations=950 (full 3):
 PSYoungGen      total 1536K, used 627K [0x00000000d5580000, 0x00000000d5d00000, 0x0000000100000000)
  eden space 512K, 0% used [0x00000000d5580000,0x00000000d5580000,0x00000000d5600000)
  from space 1024K, 61% used [0x00000000d5b80000,0x00000000d5c1cdd8,0x00000000d5c80000)
  to   space 512K, 0% used [0x00000000d5c80000,0x00000000d5c80000,0x00000000d5d00000)
 ParOldGen       total 797184K, used 797075K [0x0000000080000000, 0x00000000b0a80000, 0x00000000d5580000)
  object space 797184K, 99% used [0x0000000080000000,0x00000000b0a64c98,0x00000000b0a80000)
 Metaspace       used 70249K, committed 71744K, reserved 1114112K
  class space    used 7277K, committed 7936K, reserved 1048576K
}

