# JRE version: OpenJDK Runtime Environment Temurin-21.0.8+9 (21.0.8+9) (build 21.0.8+9-LTS)
# Java VM: OpenJDK 64-Bit Server VM Temurin-21.0.8+9 (21.0.8+9-LTS, mixed mode, sharing, tiered, compressed oops, compressed class ptrs, parallel gc, windows-amd64)
GC Precious Log:
 CardTable entry size: 512
 CPUs: 8 total, 8 available
 Memory: 7926M
 Large Page Support: Disabled
 NUMA Support: Disabled
 Compressed Oops: Enabled (32-bit)
 Alignments: Space 512K, Generation 512K, Heap 2M
 Heap Min Capacity: 100M
 Heap Initial Capacity: 100M
 Heap Max Capacity: 2G
 Pre-touch: Disabled
 Parallel Workers: 8
Heap:
 PSYoungGen      total 15360K, used 12992K [0x00000000d5580000, 0x00000000d6700000, 0x0000000100000000)
  eden space 14336K, 83% used [0x00000000d5580000,0x00000000d613d8a0,0x00000000d6380000)
  from space 1024K, 94% used [0x00000000d6500000,0x00000000d65f2910,0x00000000d6600000)
  to   space 1536K, 0% used [0x00000000d6380000,0x00000000d6380000,0x00000000d6500000)
 ParOldGen       total 902656K, used 902512K [0x0000000080000000, 0x00000000b7180000, 0x00000000d5580000)
  object space 902656K, 99% used [0x0000000080000000,0x00000000b715c3a0,0x00000000b7180000)
 Metaspace       used 72926K, committed 74560K, reserved 1179648K
  class space    used 7544K, committed 8320K, reserved 1048576K
GC Heap History (20 events):
Event: 691.663 GC heap before
{Heap before GC invocations=1804 (full 3):
 PSYoungGen      total 15872K, used 15851K [0x00000000d5580000, 0x00000000d6900000, 0x0000000100000000)
  eden space 14848K, 100% used [0x00000000d5580000,0x00000000d6400000,0x00000000d6400000)
  from space 1024K, 98% used [0x00000000d6600000,0x00000000d66fae98,0x00000000d6700000)
  to   space 2048K, 0% used [0x00000000d6400000,0x00000000d6400000,0x00000000d6600000)
 ParOldGen       total 896000K, used 895920K [0x0000000080000000, 0x00000000b6b00000, 0x00000000d5580000)
  object space 896000K, 99% used [0x0000000080000000,0x00000000b6aec378,0x00000000b6b00000)
 Metaspace       used 70183K, committed 71808K, reserved 1114112K
  class space    used 7321K, committed 8064K, reserved 1048576K
}
Event: 691.670 GC heap after
{Heap after GC invocations=1804 (full 3):
 PSYoungGen      total 16896K, used 1591K [0x00000000d5580000, 0x00000000d6800000, 0x0000000100000000)
  eden space 14848K, 0% used [0x00000000d5580000,0x00000000d5580000,0x00000000d6400000)
  from space 2048K, 77% used [0x00000000d6400000,0x00000000d658df30,0x00000000d6600000)
  to   space 2048K, 0% used [0x00000000d6600000,0x00000000d6600000,0x00000000d6800000)
 ParOldGen       total 897024K, used 896637K [0x0000000080000000, 0x00000000b6c00000, 0x00000000d5580000)
  object space 897024K, 99% used [0x0000000080000000,0x00000000b6b9f5a8,0x00000000b6c00000)
 Metaspace       used 70183K, committed 71808K, reserved 1114112K
  class space    used 7321K, committed 8064K, reserved 1048576K
}
Event: 692.100 GC heap before
{Heap before GC invocations=1805 (full 3):
 PSYoungGen      total 16896K, used 16439K [0x00000000d5580000, 0x00000000d6800000, 0x0000000100000000)
  eden space 14848K, 100% used [0x00000000d5580000,0x00000000d6400000,0x00000000d6400000)
  from space 2048K, 77% used [0x00000000d6400000,0x00000000d658df30,0x00000000d6600000)
  to   space 2048K, 0% used [0x00000000d6600000,0x00000000d6600000,0x00000000d6800000)
 ParOldGen       total 897024K, used 896637K [0x0000000080000000, 0x00000000b6c00000, 0x00000000d5580000)
  object space 897024K, 99% used [0x0000000080000000,0x00000000b6b9f5a8,0x00000000b6c00000)
 Metaspace       used 71285K, committed 72896K, reserved 1114112K
  class space    used 7443K, committed 8192K, reserved 1048576K
}
Event: 692.103 GC heap after
{Heap after GC invocations=1805 (full 3):
 PSYoungGen      total 16384K, used 1129K [0x00000000d5580000, 0x00000000d6780000, 0x0000000100000000)
  eden space 14848K, 0% used [0x00000000d5580000,0x00000000d5580000,0x00000000d6400000)
  from space 1536K, 73% used [0x00000000d6600000,0x00000000d671a710,0x00000000d6780000)
  to   space 1536K, 0% used [0x00000000d6480000,0x00000000d6480000,0x00000000d6600000)
 ParOldGen       total 898048K, used 897885K [0x0000000080000000, 0x00000000b6d00000, 0x00000000d5580000)
  object space 898048K, 99% used [0x0000000080000000,0x00000000b6cd74c8,0x00000000b6d00000)
 Metaspace       used 71285K, committed 72896K, reserved 1114112K
  class space    used 7443K, committed 8192K, reserved 1048576K
}
Event: 692.353 GC heap before
{Heap before GC invocations=1806 (full 3):
 PSYoungGen      total 16384K, used 15960K [0x00000000d5580000, 0x00000000d6780000, 0x0000000100000000)
  eden space 14848K, 99% used [0x00000000d5580000,0x00000000d63fbb90,0x00000000d6400000)
  from space 1536K, 73% used [0x00000000d6600000,0x00000000d671a710,0x00000000d6780000)
  to   space 1536K, 0% used [0x00000000d6480000,0x00000000d6480000,0x00000000d6600000)
 ParOldGen       total 898048K, used 897885K [0x0000000080000000, 0x00000000b6d00000, 0x00000000d5580000)
  object space 898048K, 99% used [0x0000000080000000,0x00000000b6cd74c8,0x00000000b6d00000)
 Metaspace       used 71769K, committed 73344K, reserved 1179648K
  class space    used 7479K, committed 8192K, reserved 1048576K
}
Event: 692.359 GC heap after
{Heap after GC invocations=1806 (full 3):
 PSYoungGen      total 16384K, used 1216K [0x00000000d5580000, 0x00000000d6700000, 0x0000000100000000)
  eden space 14848K, 0% used [0x00000000d5580000,0x00000000d5580000,0x00000000d6400000)
  from space 1536K, 79% used [0x00000000d6480000,0x00000000d65b0000,0x00000000d6600000)
  to   space 1024K, 0% used [0x00000000d6600000,0x00000000d6600000,0x00000000d6700000)
 ParOldGen       total 899072K, used 898564K [0x0000000080000000, 0x00000000b6e00000, 0x00000000d5580000)
  object space 899072K, 99% used [0x0000000080000000,0x00000000b6d81048,0x00000000b6e00000)
 Metaspace       used 71769K, committed 73344K, reserved 1179648K
  class space    used 7479K, committed 8192K, reserved 1048576K
}
Event: 692.781 GC heap before
{Heap before GC invocations=1807 (full 3):
 PSYoungGen      total 16384K, used 16064K [0x00000000d5580000, 0x00000000d6700000, 0x0000000100000000)
  eden space 14848K, 100% used [0x00000000d5580000,0x00000000d6400000,0x00000000d6400000)
  from space 1536K, 79% used [0x00000000d6480000,0x00000000d65b0000,0x00000000d6600000)
  to   space 1024K, 0% used [0x00000000d6600000,0x00000000d6600000,0x00000000d6700000)
 ParOldGen       total 899072K, used 898564K [0x0000000080000000, 0x00000000b6e00000, 0x00000000d5580000)
  object space 899072K, 99% used [0x0000000080000000,0x00000000b6d81048,0x00000000b6e00000)
 Metaspace       used 72035K, committed 73600K, reserved 1179648K
  class space    used 7509K, committed 8256K, reserved 1048576K
}
Event: 692.787 GC heap after
{Heap after GC invocations=1807 (full 3):
 PSYoungGen      total 15872K, used 724K [0x00000000d5580000, 0x00000000d6700000, 0x0000000100000000)
  eden space 14848K, 0% used [0x00000000d5580000,0x00000000d5580000,0x00000000d6400000)
  from space 1024K, 70% used [0x00000000d6600000,0x00000000d66b5200,0x00000000d6700000)
  to   space 1024K, 0% used [0x00000000d6500000,0x00000000d6500000,0x00000000d6600000)
 ParOldGen       total 899584K, used 899580K [0x0000000080000000, 0x00000000b6e80000, 0x00000000d5580000)
  object space 899584K, 99% used [0x0000000080000000,0x00000000b6e7f0c0,0x00000000b6e80000)
 Metaspace       used 72035K, committed 73600K, reserved 1179648K
  class space    used 7509K, committed 8256K, reserved 1048576K
}
Event: 693.301 GC heap before
{Heap before GC invocations=1808 (full 3):
 PSYoungGen      total 15872K, used 15572K [0x00000000d5580000, 0x00000000d6700000, 0x0000000100000000)
  eden space 14848K, 100% used [0x00000000d5580000,0x00000000d6400000,0x00000000d6400000)
  from space 1024K, 70% used [0x00000000d6600000,0x00000000d66b5200,0x00000000d6700000)
  to   space 1024K, 0% used [0x00000000d6500000,0x00000000d6500000,0x00000000d6600000)
 ParOldGen       total 899584K, used 899580K [0x0000000080000000, 0x00000000b6e80000, 0x00000000d5580000)
  object space 899584K, 99% used [0x0000000080000000,0x00000000b6e7f0c0,0x00000000b6e80000)
 Metaspace       used 72369K, committed 73920K, reserved 1179648K
  class space    used 7524K, committed 8256K, reserved 1048576K
}
Event: 693.305 GC heap after
{Heap after GC invocations=1808 (full 3):
 PSYoungGen      total 15872K, used 768K [0x00000000d5580000, 0x00000000d6680000, 0x0000000100000000)
  eden space 14848K, 0% used [0x00000000d5580000,0x00000000d5580000,0x00000000d6400000)
  from space 1024K, 75% used [0x00000000d6500000,0x00000000d65c0000,0x00000000d6600000)
  to   space 512K, 0% used [0x00000000d6600000,0x00000000d6600000,0x00000000d6680000)
 ParOldGen       total 900608K, used 900137K [0x0000000080000000, 0x00000000b6f80000, 0x00000000d5580000)
  object space 900608K, 99% used [0x0000000080000000,0x00000000b6f0a4c0,0x00000000b6f80000)
 Metaspace       used 72369K, committed 73920K, reserved 1179648K
  class space    used 7524K, committed 8256K, reserved 1048576K
}
Event: 694.139 GC heap before
{Heap before GC invocations=1809 (full 3):
 PSYoungGen      total 15872K, used 15616K [0x00000000d5580000, 0x00000000d6680000, 0x0000000100000000)
  eden space 14848K, 100% used [0x00000000d5580000,0x00000000d6400000,0x00000000d6400000)
  from space 1024K, 75% used [0x00000000d6500000,0x00000000d65c0000,0x00000000d6600000)
  to   space 512K, 0% used [0x00000000d6600000,0x00000000d6600000,0x00000000d6680000)
 ParOldGen       total 900608K, used 900137K [0x0000000080000000, 0x00000000b6f80000, 0x00000000d5580000)
  object space 900608K, 99% used [0x0000000080000000,0x00000000b6f0a4c0,0x00000000b6f80000)
 Metaspace       used 72548K, committed 74176K, reserved 1179648K
  class space    used 7536K, committed 8320K, reserved 1048576K
}
Event: 694.142 GC heap after
{Heap after GC invocations=1809 (full 3):
 PSYoungGen      total 15360K, used 500K [0x00000000d5580000, 0x00000000d6800000, 0x0000000100000000)
  eden space 14848K, 0% used [0x00000000d5580000,0x00000000d5580000,0x00000000d6400000)
  from space 512K, 97% used [0x00000000d6600000,0x00000000d667d200,0x00000000d6680000)
  to   space 2048K, 0% used [0x00000000d6400000,0x00000000d6400000,0x00000000d6600000)
 ParOldGen       total 901120K, used 901119K [0x0000000080000000, 0x00000000b7000000, 0x00000000d5580000)
  object space 901120K, 99% used [0x0000000080000000,0x00000000b6fffc50,0x00000000b7000000)
 Metaspace       used 72548K, committed 74176K, reserved 1179648K
  class space    used 7536K, committed 8320K, reserved 1048576K
}
Event: 694.485 GC heap before
{Heap before GC invocations=1810 (full 3):
 PSYoungGen      total 15360K, used 15348K [0x00000000d5580000, 0x00000000d6800000, 0x0000000100000000)
  eden space 14848K, 100% used [0x00000000d5580000,0x00000000d6400000,0x00000000d6400000)
  from space 512K, 97% used [0x00000000d6600000,0x00000000d667d200,0x00000000d6680000)
  to   space 2048K, 0% used [0x00000000d6400000,0x00000000d6400000,0x00000000d6600000)
 ParOldGen       total 901120K, used 901119K [0x0000000080000000, 0x00000000b7000000, 0x00000000d5580000)
  object space 901120K, 99% used [0x0000000080000000,0x00000000b6fffc50,0x00000000b7000000)
 Metaspace       used 72607K, committed 74176K, reserved 1179648K
  class space    used 7537K, committed 8320K, reserved 1048576K
}
Event: 694.488 GC heap after
{Heap after GC invocations=1810 (full 3):
 PSYoungGen      total 15872K, used 938K [0x00000000d5580000, 0x00000000d6700000, 0x0000000100000000)
  eden space 14848K, 0% used [0x00000000d5580000,0x00000000d5580000,0x00000000d6400000)
  from space 1024K, 91% used [0x00000000d6400000,0x00000000d64ea910,0x00000000d6500000)
  to   space 1536K, 0% used [0x00000000d6580000,0x00000000d6580000,0x00000000d6700000)
 ParOldGen       total 901632K, used 901619K [0x0000000080000000, 0x00000000b7080000, 0x00000000d5580000)
  object space 901632K, 99% used [0x0000000080000000,0x00000000b707ce50,0x00000000b7080000)
 Metaspace       used 72607K, committed 74176K, reserved 1179648K
  class space    used 7537K, committed 8320K, reserved 1048576K
}
Event: 696.121 GC heap before
{Heap before GC invocations=1811 (full 3):
 PSYoungGen      total 15872K, used 15786K [0x00000000d5580000, 0x00000000d6700000, 0x0000000100000000)
  eden space 14848K, 100% used [0x00000000d5580000,0x00000000d6400000,0x00000000d6400000)
  from space 1024K, 91% used [0x00000000d6400000,0x00000000d64ea910,0x00000000d6500000)
  to   space 1536K, 0% used [0x00000000d6580000,0x00000000d6580000,0x00000000d6700000)
 ParOldGen       total 901632K, used 901619K [0x0000000080000000, 0x00000000b7080000, 0x00000000d5580000)
  object space 901632K, 99% used [0x0000000080000000,0x00000000b707ce50,0x00000000b7080000)
 Metaspace       used 72711K, committed 74304K, reserved 1179648K
  class space    used 7538K, committed 8320K, reserved 1048576K
}
Event: 696.126 GC heap after
{Heap after GC invocations=1811 (full 3):
 PSYoungGen      total 15872K, used 745K [0x00000000d5580000, 0x00000000d6680000, 0x0000000100000000)
  eden space 14848K, 0% used [0x00000000d5580000,0x00000000d5580000,0x00000000d6400000)
  from space 1024K, 72% used [0x00000000d6580000,0x00000000d663a400,0x00000000d6680000)
  to   space 1024K, 0% used [0x00000000d6400000,0x00000000d6400000,0x00000000d6500000)
 ParOldGen       total 902144K, used 901921K [0x0000000080000000, 0x00000000b7100000, 0x00000000d5580000)
  object space 902144K, 99% used [0x0000000080000000,0x00000000b70c85d0,0x00000000b7100000)
 Metaspace       used 72711K, committed 74304K, reserved 1179648K
  class space    used 7538K, committed 8320K, reserved 1048576K
}
Event: 699.273 GC heap before
{Heap before GC invocations=1812 (full 3):
 PSYoungGen      total 15872K, used 15593K [0x00000000d5580000, 0x00000000d6680000, 0x0000000100000000)
  eden space 14848K, 100% used [0x00000000d5580000,0x00000000d6400000,0x00000000d6400000)
  from space 1024K, 72% used [0x00000000d6580000,0x00000000d663a400,0x00000000d6680000)
  to   space 1024K, 0% used [0x00000000d6400000,0x00000000d6400000,0x00000000d6500000)
 ParOldGen       total 902144K, used 901921K [0x0000000080000000, 0x00000000b7100000, 0x00000000d5580000)
  object space 902144K, 99% used [0x0000000080000000,0x00000000b70c85d0,0x00000000b7100000)
 Metaspace       used 72739K, committed 74368K, reserved 1179648K
  class space    used 7542K, committed 8320K, reserved 1048576K
}
Event: 699.277 GC heap after
{Heap after GC invocations=1812 (full 3):
 PSYoungGen      total 15872K, used 660K [0x00000000d5580000, 0x00000000d6600000, 0x0000000100000000)
  eden space 14848K, 0% used [0x00000000d5580000,0x00000000d5580000,0x00000000d6400000)
  from space 1024K, 64% used [0x00000000d6400000,0x00000000d64a5220,0x00000000d6500000)
  to   space 1024K, 0% used [0x00000000d6500000,0x00000000d6500000,0x00000000d6600000)
 ParOldGen       total 902144K, used 901977K [0x0000000080000000, 0x00000000b7100000, 0x00000000d5580000)
  object space 902144K, 99% used [0x0000000080000000,0x00000000b70d65d0,0x00000000b7100000)
 Metaspace       used 72739K, committed 74368K, reserved 1179648K
  class space    used 7542K, committed 8320K, reserved 1048576K
}
Event: 699.806 GC heap before
{Heap before GC invocations=1813 (full 3):
 PSYoungGen      total 15872K, used 15508K [0x00000000d5580000, 0x00000000d6600000, 0x0000000100000000)
  eden space 14848K, 100% used [0x00000000d5580000,0x00000000d6400000,0x00000000d6400000)
  from space 1024K, 64% used [0x00000000d6400000,0x00000000d64a5220,0x00000000d6500000)
  to   space 1024K, 0% used [0x00000000d6500000,0x00000000d6500000,0x00000000d6600000)
 ParOldGen       total 902144K, used 901977K [0x0000000080000000, 0x00000000b7100000, 0x00000000d5580000)
  object space 902144K, 99% used [0x0000000080000000,0x00000000b70d65d0,0x00000000b7100000)
 Metaspace       used 72861K, committed 74496K, reserved 1179648K
  class space    used 7544K, committed 8320K, reserved 1048576K
}
Event: 699.810 GC heap after
{Heap after GC invocations=1813 (full 3):
 PSYoungGen      total 15360K, used 970K [0x00000000d5580000, 0x00000000d6700000, 0x0000000100000000)
  eden space 14336K, 0% used [0x00000000d5580000,0x00000000d5580000,0x00000000d6380000)
  from space 1024K, 94% used [0x00000000d6500000,0x00000000d65f2910,0x00000000d6600000)
  to   space 1536K, 0% used [0x00000000d6380000,0x00000000d6380000,0x00000000d6500000)
 ParOldGen       total 902656K, used 902512K [0x0000000080000000, 0x00000000b7180000, 0x00000000d5580000)
  object space 902656K, 99% used [0x0000000080000000,0x00000000b715c3a0,0x00000000b7180000)
 Metaspace       used 72861K, committed 74496K, reserved 1179648K
  class space    used 7544K, committed 8320K, reserved 1048576K
}

