# JRE version: OpenJDK Runtime Environment Temurin-21.0.8+9 (21.0.8+9) (build 21.0.8+9-LTS)
# Java VM: OpenJDK 64-Bit Server VM Temurin-21.0.8+9 (21.0.8+9-LTS, mixed mode, sharing, tiered, compressed oops, compressed class ptrs, g1 gc, windows-amd64)
GC Precious Log:
 CardTable entry size: 512
 Card Set container configuration: InlinePtr #cards 5 size 8 Array Of Cards #cards 12 size 40 Howl #buckets 4 coarsen threshold 1843 Howl Bitmap #cards 512 size 80 coarsen threshold 460 Card regions per heap region 1 cards per card region 2048
 CPUs: 8 total, 8 available
 Memory: 7926M
 Large Page Support: Disabled
 NUMA Support: Disabled
 Compressed Oops: Enabled (32-bit)
 Heap Region Size: 1M
 Heap Min Capacity: 8M
 Heap Initial Capacity: 124M
 Heap Max Capacity: 1982M
 Pre-touch: Disabled
 Parallel Workers: 8
 Concurrent Workers: 2
 Concurrent Refinement Workers: 8
 Periodic GC: Disabled
Heap:
 garbage-first heap   total 72704K, used 36141K [0x0000000084200000, 0x0000000100000000)
  region size 1024K, 14 young (14336K), 4 survivors (4096K)
 Metaspace       used 61670K, committed 62336K, reserved 1114112K
  class space    used 8521K, committed 8832K, reserved 1048576K
GC Heap History (18 events):
Event: 0.929 GC heap before
{Heap before GC invocations=0 (full 0):
 garbage-first heap   total 126976K, used 24576K [0x0000000084200000, 0x0000000100000000)
  region size 1024K, 23 young (23552K), 0 survivors (0K)
 Metaspace       used 6693K, committed 6976K, reserved 1114112K
  class space    used 816K, committed 960K, reserved 1048576K
}
Event: 0.938 GC heap after
{Heap after GC invocations=1 (full 0):
 garbage-first heap   total 126976K, used 7808K [0x0000000084200000, 0x0000000100000000)
  region size 1024K, 3 young (3072K), 3 survivors (3072K)
 Metaspace       used 6693K, committed 6976K, reserved 1114112K
  class space    used 816K, committed 960K, reserved 1048576K
}
Event: 1.504 GC heap before
{Heap before GC invocations=1 (full 0):
 garbage-first heap   total 126976K, used 35456K [0x0000000084200000, 0x0000000100000000)
  region size 1024K, 31 young (31744K), 3 survivors (3072K)
 Metaspace       used 14226K, committed 14528K, reserved 1114112K
  class space    used 1932K, committed 2048K, reserved 1048576K
}
Event: 1.511 GC heap after
{Heap after GC invocations=2 (full 0):
 garbage-first heap   total 126976K, used 10304K [0x0000000084200000, 0x0000000100000000)
  region size 1024K, 3 young (3072K), 3 survivors (3072K)
 Metaspace       used 14226K, committed 14528K, reserved 1114112K
  class space    used 1932K, committed 2048K, reserved 1048576K
}
Event: 2.321 GC heap before
{Heap before GC invocations=2 (full 0):
 garbage-first heap   total 126976K, used 43072K [0x0000000084200000, 0x0000000100000000)
  region size 1024K, 37 young (37888K), 3 survivors (3072K)
 Metaspace       used 21175K, committed 21504K, reserved 1114112K
  class space    used 2725K, committed 2880K, reserved 1048576K
}
Event: 2.334 GC heap after
{Heap after GC invocations=3 (full 0):
 garbage-first heap   total 126976K, used 14353K [0x0000000084200000, 0x0000000100000000)
  region size 1024K, 7 young (7168K), 7 survivors (7168K)
 Metaspace       used 21175K, committed 21504K, reserved 1114112K
  class space    used 2725K, committed 2880K, reserved 1048576K
}
Event: 3.422 GC heap before
{Heap before GC invocations=4 (full 0):
 garbage-first heap   total 51200K, used 50193K [0x0000000084200000, 0x0000000100000000)
  region size 1024K, 42 young (43008K), 7 survivors (7168K)
 Metaspace       used 26460K, committed 26880K, reserved 1114112K
  class space    used 3459K, committed 3648K, reserved 1048576K
}
Event: 3.439 GC heap after
{Heap after GC invocations=5 (full 0):
 garbage-first heap   total 60416K, used 17135K [0x0000000084200000, 0x0000000100000000)
  region size 1024K, 7 young (7168K), 7 survivors (7168K)
 Metaspace       used 26460K, committed 26880K, reserved 1114112K
  class space    used 3459K, committed 3648K, reserved 1048576K
}
Event: 4.299 GC heap before
{Heap before GC invocations=5 (full 0):
 garbage-first heap   total 60416K, used 45807K [0x0000000084200000, 0x0000000100000000)
  region size 1024K, 35 young (35840K), 7 survivors (7168K)
 Metaspace       used 31997K, committed 32512K, reserved 1114112K
  class space    used 4219K, committed 4416K, reserved 1048576K
}
Event: 4.305 GC heap after
{Heap after GC invocations=6 (full 0):
 garbage-first heap   total 60416K, used 19768K [0x0000000084200000, 0x0000000100000000)
  region size 1024K, 3 young (3072K), 3 survivors (3072K)
 Metaspace       used 31997K, committed 32512K, reserved 1114112K
  class space    used 4219K, committed 4416K, reserved 1048576K
}
Event: 4.640 GC heap before
{Heap before GC invocations=6 (full 0):
 garbage-first heap   total 60416K, used 31032K [0x0000000084200000, 0x0000000100000000)
  region size 1024K, 15 young (15360K), 3 survivors (3072K)
 Metaspace       used 35482K, committed 35968K, reserved 1114112K
  class space    used 4724K, committed 4928K, reserved 1048576K
}
Event: 4.644 GC heap after
{Heap after GC invocations=7 (full 0):
 garbage-first heap   total 60416K, used 20733K [0x0000000084200000, 0x0000000100000000)
  region size 1024K, 1 young (1024K), 1 survivors (1024K)
 Metaspace       used 35482K, committed 35968K, reserved 1114112K
  class space    used 4724K, committed 4928K, reserved 1048576K
}
Event: 5.529 GC heap before
{Heap before GC invocations=8 (full 0):
 garbage-first heap   total 60416K, used 49405K [0x0000000084200000, 0x0000000100000000)
  region size 1024K, 29 young (29696K), 1 survivors (1024K)
 Metaspace       used 43660K, committed 44224K, reserved 1114112K
  class space    used 5891K, committed 6144K, reserved 1048576K
}
Event: 5.533 GC heap after
{Heap after GC invocations=9 (full 0):
 garbage-first heap   total 72704K, used 23051K [0x0000000084200000, 0x0000000100000000)
  region size 1024K, 4 young (4096K), 4 survivors (4096K)
 Metaspace       used 43660K, committed 44224K, reserved 1114112K
  class space    used 5891K, committed 6144K, reserved 1048576K
}
Event: 6.463 GC heap before
{Heap before GC invocations=9 (full 0):
 garbage-first heap   total 72704K, used 59915K [0x0000000084200000, 0x0000000100000000)
  region size 1024K, 41 young (41984K), 4 survivors (4096K)
 Metaspace       used 54338K, committed 54912K, reserved 1114112K
  class space    used 7471K, committed 7680K, reserved 1048576K
}
Event: 6.467 GC heap after
{Heap after GC invocations=10 (full 0):
 garbage-first heap   total 72704K, used 25222K [0x0000000084200000, 0x0000000100000000)
  region size 1024K, 6 young (6144K), 6 survivors (6144K)
 Metaspace       used 54338K, committed 54912K, reserved 1114112K
  class space    used 7471K, committed 7680K, reserved 1048576K
}
Event: 7.368 GC heap before
{Heap before GC invocations=10 (full 0):
 garbage-first heap   total 72704K, used 47750K [0x0000000084200000, 0x0000000100000000)
  region size 1024K, 29 young (29696K), 6 survivors (6144K)
 Metaspace       used 59636K, committed 60288K, reserved 1114112K
  class space    used 8178K, committed 8512K, reserved 1048576K
}
Event: 7.379 GC heap after
{Heap after GC invocations=11 (full 0):
 garbage-first heap   total 72704K, used 26925K [0x0000000084200000, 0x0000000100000000)
  region size 1024K, 4 young (4096K), 4 survivors (4096K)
 Metaspace       used 59636K, committed 60288K, reserved 1114112K
  class space    used 8178K, committed 8512K, reserved 1048576K
}

