# JRE version: OpenJDK Runtime Environment Temurin-21.0.8+9 (21.0.8+9) (build 21.0.8+9-LTS)
# Java VM: OpenJDK 64-Bit Server VM Temurin-21.0.8+9 (21.0.8+9-LTS, mixed mode, sharing, tiered, compressed oops, compressed class ptrs, parallel gc, windows-amd64)
GC Precious Log:
 CardTable entry size: 512
 CPUs: 8 total, 8 available
 Memory: 7926M
 Large Page Support: Disabled
 NUMA Support: Disabled
 Compressed Oops: Enabled (32-bit)
 Alignments: Space 512K, Generation 512K, Heap 2M
 Heap Min Capacity: 100M
 Heap Initial Capacity: 100M
 Heap Max Capacity: 2G
 Pre-touch: Disabled
 Parallel Workers: 8
Heap:
 PSYoungGen      total 8704K, used 3315K [0x00000000d5580000, 0x00000000d6300000, 0x0000000100000000)
  eden space 5120K, 3% used [0x00000000d5580000,0x00000000d55a9b70,0x00000000d5a80000)
  from space 3584K, 87% used [0x00000000d5f80000,0x00000000d6293288,0x00000000d6300000)
  to   space 3584K, 0% used [0x00000000d5c00000,0x00000000d5c00000,0x00000000d5f80000)
 ParOldGen       total 791040K, used 790602K [0x0000000080000000, 0x00000000b0480000, 0x00000000d5580000)
  object space 791040K, 99% used [0x0000000080000000,0x00000000b0412ac0,0x00000000b0480000)
 Metaspace       used 73333K, committed 74880K, reserved 1179648K
  class space    used 7763K, committed 8384K, reserved 1048576K
GC Heap History (20 events):
Event: 337.449 GC heap before
{Heap before GC invocations=1348 (full 3):
 PSYoungGen      total 5632K, used 5344K [0x00000000d5580000, 0x00000000d5c00000, 0x0000000100000000)
  eden space 5120K, 100% used [0x00000000d5580000,0x00000000d5a80000,0x00000000d5a80000)
  from space 512K, 43% used [0x00000000d5b80000,0x00000000d5bb8000,0x00000000d5c00000)
  to   space 512K, 0% used [0x00000000d5b00000,0x00000000d5b00000,0x00000000d5b80000)
 ParOldGen       total 786944K, used 786335K [0x0000000080000000, 0x00000000b0080000, 0x00000000d5580000)
  object space 786944K, 99% used [0x0000000080000000,0x00000000affe7dd8,0x00000000b0080000)
 Metaspace       used 73165K, committed 74752K, reserved 1179648K
  class space    used 7750K, committed 8384K, reserved 1048576K
}
Event: 337.453 GC heap after
{Heap after GC invocations=1348 (full 3):
 PSYoungGen      total 5632K, used 256K [0x00000000d5580000, 0x00000000d5c00000, 0x0000000100000000)
  eden space 5120K, 0% used [0x00000000d5580000,0x00000000d5580000,0x00000000d5a80000)
  from space 512K, 50% used [0x00000000d5b00000,0x00000000d5b40000,0x00000000d5b80000)
  to   space 512K, 0% used [0x00000000d5b80000,0x00000000d5b80000,0x00000000d5c00000)
 ParOldGen       total 786944K, used 786343K [0x0000000080000000, 0x00000000b0080000, 0x00000000d5580000)
  object space 786944K, 99% used [0x0000000080000000,0x00000000affe9dd8,0x00000000b0080000)
 Metaspace       used 73165K, committed 74752K, reserved 1179648K
  class space    used 7750K, committed 8384K, reserved 1048576K
}
Event: 347.349 GC heap before
{Heap before GC invocations=1349 (full 3):
 PSYoungGen      total 5632K, used 5376K [0x00000000d5580000, 0x00000000d5c00000, 0x0000000100000000)
  eden space 5120K, 100% used [0x00000000d5580000,0x00000000d5a80000,0x00000000d5a80000)
  from space 512K, 50% used [0x00000000d5b00000,0x00000000d5b40000,0x00000000d5b80000)
  to   space 512K, 0% used [0x00000000d5b80000,0x00000000d5b80000,0x00000000d5c00000)
 ParOldGen       total 786944K, used 786343K [0x0000000080000000, 0x00000000b0080000, 0x00000000d5580000)
  object space 786944K, 99% used [0x0000000080000000,0x00000000affe9dd8,0x00000000b0080000)
 Metaspace       used 73184K, committed 74752K, reserved 1179648K
  class space    used 7751K, committed 8384K, reserved 1048576K
}
Event: 347.354 GC heap after
{Heap after GC invocations=1349 (full 3):
 PSYoungGen      total 5632K, used 192K [0x00000000d5580000, 0x00000000d5c00000, 0x0000000100000000)
  eden space 5120K, 0% used [0x00000000d5580000,0x00000000d5580000,0x00000000d5a80000)
  from space 512K, 37% used [0x00000000d5b80000,0x00000000d5bb0000,0x00000000d5c00000)
  to   space 512K, 0% used [0x00000000d5b00000,0x00000000d5b00000,0x00000000d5b80000)
 ParOldGen       total 786944K, used 786359K [0x0000000080000000, 0x00000000b0080000, 0x00000000d5580000)
  object space 786944K, 99% used [0x0000000080000000,0x00000000affeddd8,0x00000000b0080000)
 Metaspace       used 73184K, committed 74752K, reserved 1179648K
  class space    used 7751K, committed 8384K, reserved 1048576K
}
Event: 350.611 GC heap before
{Heap before GC invocations=1350 (full 3):
 PSYoungGen      total 5632K, used 5312K [0x00000000d5580000, 0x00000000d5c00000, 0x0000000100000000)
  eden space 5120K, 100% used [0x00000000d5580000,0x00000000d5a80000,0x00000000d5a80000)
  from space 512K, 37% used [0x00000000d5b80000,0x00000000d5bb0000,0x00000000d5c00000)
  to   space 512K, 0% used [0x00000000d5b00000,0x00000000d5b00000,0x00000000d5b80000)
 ParOldGen       total 786944K, used 786359K [0x0000000080000000, 0x00000000b0080000, 0x00000000d5580000)
  object space 786944K, 99% used [0x0000000080000000,0x00000000affeddd8,0x00000000b0080000)
 Metaspace       used 73186K, committed 74752K, reserved 1179648K
  class space    used 7751K, committed 8384K, reserved 1048576K
}
Event: 350.615 GC heap after
{Heap after GC invocations=1350 (full 3):
 PSYoungGen      total 5632K, used 192K [0x00000000d5580000, 0x00000000d5c00000, 0x0000000100000000)
  eden space 5120K, 0% used [0x00000000d5580000,0x00000000d5580000,0x00000000d5a80000)
  from space 512K, 37% used [0x00000000d5b00000,0x00000000d5b30000,0x00000000d5b80000)
  to   space 512K, 0% used [0x00000000d5b80000,0x00000000d5b80000,0x00000000d5c00000)
 ParOldGen       total 786944K, used 786391K [0x0000000080000000, 0x00000000b0080000, 0x00000000d5580000)
  object space 786944K, 99% used [0x0000000080000000,0x00000000afff5dd8,0x00000000b0080000)
 Metaspace       used 73186K, committed 74752K, reserved 1179648K
  class space    used 7751K, committed 8384K, reserved 1048576K
}
Event: 372.640 GC heap before
{Heap before GC invocations=1351 (full 3):
 PSYoungGen      total 5632K, used 5312K [0x00000000d5580000, 0x00000000d5c00000, 0x0000000100000000)
  eden space 5120K, 100% used [0x00000000d5580000,0x00000000d5a80000,0x00000000d5a80000)
  from space 512K, 37% used [0x00000000d5b00000,0x00000000d5b30000,0x00000000d5b80000)
  to   space 512K, 0% used [0x00000000d5b80000,0x00000000d5b80000,0x00000000d5c00000)
 ParOldGen       total 786944K, used 786391K [0x0000000080000000, 0x00000000b0080000, 0x00000000d5580000)
  object space 786944K, 99% used [0x0000000080000000,0x00000000afff5dd8,0x00000000b0080000)
 Metaspace       used 73191K, committed 74752K, reserved 1179648K
  class space    used 7751K, committed 8384K, reserved 1048576K
}
Event: 372.644 GC heap after
{Heap after GC invocations=1351 (full 3):
 PSYoungGen      total 5632K, used 128K [0x00000000d5580000, 0x00000000d5c00000, 0x0000000100000000)
  eden space 5120K, 0% used [0x00000000d5580000,0x00000000d5580000,0x00000000d5a80000)
  from space 512K, 25% used [0x00000000d5b80000,0x00000000d5ba0000,0x00000000d5c00000)
  to   space 512K, 0% used [0x00000000d5b00000,0x00000000d5b00000,0x00000000d5b80000)
 ParOldGen       total 786944K, used 786391K [0x0000000080000000, 0x00000000b0080000, 0x00000000d5580000)
  object space 786944K, 99% used [0x0000000080000000,0x00000000afff5dd8,0x00000000b0080000)
 Metaspace       used 73191K, committed 74752K, reserved 1179648K
  class space    used 7751K, committed 8384K, reserved 1048576K
}
Event: 372.905 GC heap before
{Heap before GC invocations=1352 (full 3):
 PSYoungGen      total 5632K, used 5248K [0x00000000d5580000, 0x00000000d5c00000, 0x0000000100000000)
  eden space 5120K, 100% used [0x00000000d5580000,0x00000000d5a80000,0x00000000d5a80000)
  from space 512K, 25% used [0x00000000d5b80000,0x00000000d5ba0000,0x00000000d5c00000)
  to   space 512K, 0% used [0x00000000d5b00000,0x00000000d5b00000,0x00000000d5b80000)
 ParOldGen       total 786944K, used 786391K [0x0000000080000000, 0x00000000b0080000, 0x00000000d5580000)
  object space 786944K, 99% used [0x0000000080000000,0x00000000afff5dd8,0x00000000b0080000)
 Metaspace       used 73191K, committed 74752K, reserved 1179648K
  class space    used 7751K, committed 8384K, reserved 1048576K
}
Event: 372.909 GC heap after
{Heap after GC invocations=1352 (full 3):
 PSYoungGen      total 5632K, used 160K [0x00000000d5580000, 0x00000000d5c00000, 0x0000000100000000)
  eden space 5120K, 0% used [0x00000000d5580000,0x00000000d5580000,0x00000000d5a80000)
  from space 512K, 31% used [0x00000000d5b00000,0x00000000d5b28000,0x00000000d5b80000)
  to   space 512K, 0% used [0x00000000d5b80000,0x00000000d5b80000,0x00000000d5c00000)
 ParOldGen       total 786944K, used 786431K [0x0000000080000000, 0x00000000b0080000, 0x00000000d5580000)
  object space 786944K, 99% used [0x0000000080000000,0x00000000affffdd8,0x00000000b0080000)
 Metaspace       used 73191K, committed 74752K, reserved 1179648K
  class space    used 7751K, committed 8384K, reserved 1048576K
}
Event: 425.376 GC heap before
{Heap before GC invocations=1353 (full 3):
 PSYoungGen      total 5632K, used 5280K [0x00000000d5580000, 0x00000000d5c00000, 0x0000000100000000)
  eden space 5120K, 100% used [0x00000000d5580000,0x00000000d5a80000,0x00000000d5a80000)
  from space 512K, 31% used [0x00000000d5b00000,0x00000000d5b28000,0x00000000d5b80000)
  to   space 512K, 0% used [0x00000000d5b80000,0x00000000d5b80000,0x00000000d5c00000)
 ParOldGen       total 786944K, used 786431K [0x0000000080000000, 0x00000000b0080000, 0x00000000d5580000)
  object space 786944K, 99% used [0x0000000080000000,0x00000000affffdd8,0x00000000b0080000)
 Metaspace       used 73193K, committed 74752K, reserved 1179648K
  class space    used 7751K, committed 8384K, reserved 1048576K
}
Event: 425.382 GC heap after
{Heap after GC invocations=1353 (full 3):
 PSYoungGen      total 5632K, used 128K [0x00000000d5580000, 0x00000000d5c00000, 0x0000000100000000)
  eden space 5120K, 0% used [0x00000000d5580000,0x00000000d5580000,0x00000000d5a80000)
  from space 512K, 25% used [0x00000000d5b80000,0x00000000d5ba0000,0x00000000d5c00000)
  to   space 512K, 0% used [0x00000000d5b00000,0x00000000d5b00000,0x00000000d5b80000)
 ParOldGen       total 786944K, used 786439K [0x0000000080000000, 0x00000000b0080000, 0x00000000d5580000)
  object space 786944K, 99% used [0x0000000080000000,0x00000000b0001dd8,0x00000000b0080000)
 Metaspace       used 73193K, committed 74752K, reserved 1179648K
  class space    used 7751K, committed 8384K, reserved 1048576K
}
Event: 425.698 GC heap before
{Heap before GC invocations=1354 (full 3):
 PSYoungGen      total 5632K, used 5248K [0x00000000d5580000, 0x00000000d5c00000, 0x0000000100000000)
  eden space 5120K, 100% used [0x00000000d5580000,0x00000000d5a80000,0x00000000d5a80000)
  from space 512K, 25% used [0x00000000d5b80000,0x00000000d5ba0000,0x00000000d5c00000)
  to   space 512K, 0% used [0x00000000d5b00000,0x00000000d5b00000,0x00000000d5b80000)
 ParOldGen       total 786944K, used 786439K [0x0000000080000000, 0x00000000b0080000, 0x00000000d5580000)
  object space 786944K, 99% used [0x0000000080000000,0x00000000b0001dd8,0x00000000b0080000)
 Metaspace       used 73193K, committed 74752K, reserved 1179648K
  class space    used 7751K, committed 8384K, reserved 1048576K
}
Event: 425.703 GC heap after
{Heap after GC invocations=1354 (full 3):
 PSYoungGen      total 5632K, used 96K [0x00000000d5580000, 0x00000000d5c00000, 0x0000000100000000)
  eden space 5120K, 0% used [0x00000000d5580000,0x00000000d5580000,0x00000000d5a80000)
  from space 512K, 18% used [0x00000000d5b00000,0x00000000d5b18000,0x00000000d5b80000)
  to   space 512K, 0% used [0x00000000d5b80000,0x00000000d5b80000,0x00000000d5c00000)
 ParOldGen       total 786944K, used 786495K [0x0000000080000000, 0x00000000b0080000, 0x00000000d5580000)
  object space 786944K, 99% used [0x0000000080000000,0x00000000b000fdd8,0x00000000b0080000)
 Metaspace       used 73193K, committed 74752K, reserved 1179648K
  class space    used 7751K, committed 8384K, reserved 1048576K
}
Event: 768.184 GC heap before
{Heap before GC invocations=1355 (full 3):
 PSYoungGen      total 5632K, used 5216K [0x00000000d5580000, 0x00000000d5c00000, 0x0000000100000000)
  eden space 5120K, 100% used [0x00000000d5580000,0x00000000d5a80000,0x00000000d5a80000)
  from space 512K, 18% used [0x00000000d5b00000,0x00000000d5b18000,0x00000000d5b80000)
  to   space 512K, 0% used [0x00000000d5b80000,0x00000000d5b80000,0x00000000d5c00000)
 ParOldGen       total 786944K, used 786495K [0x0000000080000000, 0x00000000b0080000, 0x00000000d5580000)
  object space 786944K, 99% used [0x0000000080000000,0x00000000b000fdd8,0x00000000b0080000)
 Metaspace       used 73295K, committed 74816K, reserved 1179648K
  class space    used 7762K, committed 8384K, reserved 1048576K
}
Event: 768.272 GC heap after
{Heap after GC invocations=1355 (full 3):
 PSYoungGen      total 5632K, used 372K [0x00000000d5580000, 0x00000000d5c00000, 0x0000000100000000)
  eden space 5120K, 0% used [0x00000000d5580000,0x00000000d5580000,0x00000000d5a80000)
  from space 512K, 72% used [0x00000000d5b80000,0x00000000d5bdd220,0x00000000d5c00000)
  to   space 512K, 0% used [0x00000000d5b00000,0x00000000d5b00000,0x00000000d5b80000)
 ParOldGen       total 786944K, used 786495K [0x0000000080000000, 0x00000000b0080000, 0x00000000d5580000)
  object space 786944K, 99% used [0x0000000080000000,0x00000000b000fdd8,0x00000000b0080000)
 Metaspace       used 73295K, committed 74816K, reserved 1179648K
  class space    used 7762K, committed 8384K, reserved 1048576K
}
Event: 769.118 GC heap before
{Heap before GC invocations=1356 (full 3):
 PSYoungGen      total 5632K, used 5366K [0x00000000d5580000, 0x00000000d5c00000, 0x0000000100000000)
  eden space 5120K, 97% used [0x00000000d5580000,0x00000000d5a60608,0x00000000d5a80000)
  from space 512K, 72% used [0x00000000d5b80000,0x00000000d5bdd220,0x00000000d5c00000)
  to   space 512K, 0% used [0x00000000d5b00000,0x00000000d5b00000,0x00000000d5b80000)
 ParOldGen       total 786944K, used 786495K [0x0000000080000000, 0x00000000b0080000, 0x00000000d5580000)
  object space 786944K, 99% used [0x0000000080000000,0x00000000b000fdd8,0x00000000b0080000)
 Metaspace       used 73303K, committed 74816K, reserved 1179648K
  class space    used 7762K, committed 8384K, reserved 1048576K
}
Event: 769.127 GC heap after
{Heap after GC invocations=1356 (full 3):
 PSYoungGen      total 5632K, used 500K [0x00000000d5580000, 0x00000000d6480000, 0x0000000100000000)
  eden space 5120K, 0% used [0x00000000d5580000,0x00000000d5580000,0x00000000d5a80000)
  from space 512K, 97% used [0x00000000d5b00000,0x00000000d5b7d0b8,0x00000000d5b80000)
  to   space 5120K, 0% used [0x00000000d5f80000,0x00000000d5f80000,0x00000000d6480000)
 ParOldGen       total 790528K, used 790099K [0x0000000080000000, 0x00000000b0400000, 0x00000000d5580000)
  object space 790528K, 99% used [0x0000000080000000,0x00000000b0394e50,0x00000000b0400000)
 Metaspace       used 73303K, committed 74816K, reserved 1179648K
  class space    used 7762K, committed 8384K, reserved 1048576K
}
Event: 769.833 GC heap before
{Heap before GC invocations=1357 (full 3):
 PSYoungGen      total 5632K, used 5620K [0x00000000d5580000, 0x00000000d6480000, 0x0000000100000000)
  eden space 5120K, 100% used [0x00000000d5580000,0x00000000d5a80000,0x00000000d5a80000)
  from space 512K, 97% used [0x00000000d5b00000,0x00000000d5b7d0b8,0x00000000d5b80000)
  to   space 5120K, 0% used [0x00000000d5f80000,0x00000000d5f80000,0x00000000d6480000)
 ParOldGen       total 790528K, used 790099K [0x0000000080000000, 0x00000000b0400000, 0x00000000d5580000)
  object space 790528K, 99% used [0x0000000080000000,0x00000000b0394e50,0x00000000b0400000)
 Metaspace       used 73332K, committed 74880K, reserved 1179648K
  class space    used 7762K, committed 8384K, reserved 1048576K
}
Event: 769.848 GC heap after
{Heap after GC invocations=1357 (full 3):
 PSYoungGen      total 8704K, used 3148K [0x00000000d5580000, 0x00000000d6300000, 0x0000000100000000)
  eden space 5120K, 0% used [0x00000000d5580000,0x00000000d5580000,0x00000000d5a80000)
  from space 3584K, 87% used [0x00000000d5f80000,0x00000000d6293288,0x00000000d6300000)
  to   space 3584K, 0% used [0x00000000d5c00000,0x00000000d5c00000,0x00000000d5f80000)
 ParOldGen       total 791040K, used 790602K [0x0000000080000000, 0x00000000b0480000, 0x00000000d5580000)
  object space 791040K, 99% used [0x0000000080000000,0x00000000b0412ac0,0x00000000b0480000)
 Metaspace       used 73332K, committed 74880K, reserved 1179648K
  class space    used 7762K, committed 8384K, reserved 1048576K
}

